2015-11-03 21:39:02,339 INFO: - App: Building service dependencies...
2015-11-03 21:39:02,343 INFO: - App: Copying files and filling templates...
2015-11-03 21:39:02,353 INFO: - App: Building the app image with Dockerfile...
2015-11-03 21:39:02,362 WARNING: - App: Dockerfile base image is not binder-base. Building may fail.
2015-11-03 21:39:02,374 ERROR: - App: unable to process Dockerfile: unable to parse repository info: repository name component must match "[a-z0-9]+(?:[._-][a-z0-9]+)*"

2015-11-03 21:39:02,377 ERROR: - App: could not build app akhmerov-teaching_day_jupyter: Command '['docker', 'build', '-t', u'gcr.io/generic-notebooks/akhmerov-teaching_day_jupyter', '--no-cache', u'/home/andrew/binder/apps/akhmerov-teaching_day_jupyter/build/app/repo']' returned non-zero exit status 1
2015-11-03 21:43:09,347 INFO: - App: Building service dependencies...
2015-11-03 21:43:09,350 INFO: - App: Copying files and filling templates...
2015-11-03 21:43:09,360 INFO: - App: Building the app image with Dockerfile...
2015-11-03 21:43:09,384 ERROR: - App: unable to process Dockerfile: unable to parse repository info: repository name component must match "[a-z0-9]+(?:[._-][a-z0-9]+)*"

2015-11-03 21:43:09,398 ERROR: - App: could not build app akhmerov-teaching_day_jupyter: Command '['docker', 'build', '-t', u'gcr.io/generic-notebooks/akhmerov-teaching_day_jupyter', '--no-cache', u'/home/andrew/binder/apps/akhmerov-teaching_day_jupyter/build/app/repo']' returned non-zero exit status 1
2015-11-03 21:46:47,426 INFO: - App: Building service dependencies...
2015-11-03 21:46:47,430 INFO: - App: Copying files and filling templates...
2015-11-03 21:46:47,438 INFO: - App: Building the app image with Dockerfile...
2015-11-03 21:46:47,459 ERROR: - App: unable to process Dockerfile: unable to parse repository info: repository name component must match "[a-z0-9]+(?:[._-][a-z0-9]+)*"

2015-11-03 21:46:47,467 ERROR: - App: could not build app akhmerov-teaching_day_jupyter: Command '['docker', 'build', '-t', u'gcr.io/generic-notebooks/akhmerov-teaching_day_jupyter', '--no-cache', u'/home/andrew/binder/apps/akhmerov-teaching_day_jupyter/build/app/repo']' returned non-zero exit status 1
2015-11-03 21:50:44,355 INFO: - App: Building service dependencies...
2015-11-03 21:50:44,358 INFO: - App: Copying files and filling templates...
2015-11-03 21:50:44,369 INFO: - App: Building app image without Dockerfile...
2015-11-03 21:50:44,424 INFO: - App: Sending build context to Docker daemon 524.8 kBSending build context to Docker daemon 1.081 MBSending build context to Docker daemon  1.19 MBSending build context to Docker daemon  1.19 MB

2015-11-03 21:50:44,426 INFO: - App: Step 0 : FROM gcr.io/generic-notebooks/binder-base

2015-11-03 21:50:44,428 INFO: - App:  ---> 77377240dc83

2015-11-03 21:50:44,430 INFO: - App: Step 1 : ADD repo/requirements.txt requirements.txt

2015-11-03 21:50:44,603 INFO: - App:  ---> 2ddf7ccb55e4

2015-11-03 21:50:44,612 INFO: - App: Removing intermediate container b71293f05f99

2015-11-03 21:50:44,614 INFO: - App: Step 2 : ADD handle-requirements.py handle-requirements.py

2015-11-03 21:50:44,759 INFO: - App:  ---> 204cee93c91b

2015-11-03 21:50:44,767 INFO: - App: Removing intermediate container dc2e709b1bfd

2015-11-03 21:50:44,772 INFO: - App: Step 3 : RUN python handle-requirements.py

2015-11-03 21:50:44,855 INFO: - App:  ---> Running in 0765ee9c4072

2015-11-03 21:50:45,020 INFO: - App: Executing: ['pip', 'install', '-r', 'requirements.txt']

2015-11-03 21:50:45,329 INFO: - App: You are using pip version 7.0.3, however version 7.1.2 is available.

2015-11-03 21:50:45,331 INFO: - App: You should consider upgrading via the 'pip install --upgrade pip' command.

2015-11-03 21:50:45,337 INFO: - App: Collecting git+https://github.com/damianavila/RISE.git (from -r requirements.txt (line 5))

2015-11-03 21:50:45,339 INFO: - App:   Cloning https://github.com/damianavila/RISE.git to /tmp/pip-d1CBkO-build

2015-11-03 21:50:46,035 INFO: - App:     Complete output from command python setup.py egg_info:

2015-11-03 21:50:46,038 INFO: - App:     Traceback (most recent call last):

2015-11-03 21:50:46,039 INFO: - App:       File "<string>", line 20, in <module>

2015-11-03 21:50:46,041 INFO: - App:       File "/tmp/pip-d1CBkO-build/setup.py", line 2, in <module>

2015-11-03 21:50:46,043 INFO: - App:         from notebook.nbextensions import install_nbextension

2015-11-03 21:50:46,047 INFO: - App:     ImportError: No module named notebook.nbextensions

2015-11-03 21:50:46,051 INFO: - App:     

2015-11-03 21:50:46,054 INFO: - App:     ----------------------------------------

2015-11-03 21:50:46,056 INFO: - App: Command "python setup.py egg_info" failed with error code 1 in /tmp/pip-d1CBkO-build

2015-11-03 21:50:46,059 INFO: - App: installation command failed: Command '['pip', 'install', '-r', 'requirements.txt']' returned non-zero exit status 1

2015-11-03 21:50:46,064 INFO: - App: Executing: ['/home/main/anaconda/envs/python3/bin/pip', 'install', '-r', 'requirements.txt']

2015-11-03 21:50:46,367 INFO: - App: You are using pip version 7.0.3, however version 7.1.2 is available.

2015-11-03 21:50:46,371 INFO: - App: You should consider upgrading via the 'pip install --upgrade pip' command.

2015-11-03 21:50:46,375 INFO: - App: Collecting git+https://github.com/damianavila/RISE.git (from -r requirements.txt (line 5))

2015-11-03 21:50:46,379 INFO: - App:   Cloning https://github.com/damianavila/RISE.git to /tmp/pip-1u_ri4-build

2015-11-03 21:50:47,132 INFO: - App:     Complete output from command python setup.py egg_info:

2015-11-03 21:50:47,134 INFO: - App:     Traceback (most recent call last):

2015-11-03 21:50:47,139 INFO: - App:       File "<string>", line 20, in <module>

2015-11-03 21:50:47,148 INFO: - App:       File "/tmp/pip-1u_ri4-build/setup.py", line 2, in <module>

2015-11-03 21:50:47,150 INFO: - App:         from notebook.nbextensions import install_nbextension

2015-11-03 21:50:47,151 INFO: - App:     ImportError: No module named 'notebook'

2015-11-03 21:50:47,153 INFO: - App:     

2015-11-03 21:50:47,155 INFO: - App:     ----------------------------------------

2015-11-03 21:50:47,161 INFO: - App: Command "python setup.py egg_info" failed with error code 1 in /tmp/pip-1u_ri4-build

2015-11-03 21:50:47,163 INFO: - App: installation command failed: Command '['/home/main/anaconda/envs/python3/bin/pip', 'install', '-r', 'requirements.txt']' returned non-zero exit status 1

2015-11-03 21:50:47,165 INFO: - App: Traceback (most recent call last):

2015-11-03 21:50:47,166 INFO: - App:   File "handle-requirements.py", line 19, in <module>

2015-11-03 21:50:47,168 INFO: - App: [91m    raise Exception("All installation commands failed")

2015-11-03 21:50:47,170 INFO: - App: Exception: All installation commands failed

2015-11-03 21:50:47,413 ERROR: - App: The command '/bin/sh -c python handle-requirements.py' returned a non-zero code: 1

2015-11-03 21:50:47,455 INFO: - App: 
2015-11-03 21:50:47,483 ERROR: - App: could not build app akhmerov-teaching_day_jupyter: Command '['docker', 'build', '-t', u'gcr.io/generic-notebooks/akhmerov-teaching_day_jupyter', '--no-cache', u'/home/andrew/binder/apps/akhmerov-teaching_day_jupyter/build/app']' returned non-zero exit status 1
2015-11-03 21:51:54,929 INFO: - App: Building service dependencies...
2015-11-03 21:51:54,931 INFO: - App: Copying files and filling templates...
2015-11-03 21:51:54,942 INFO: - App: Building app image without Dockerfile...
2015-11-03 21:51:54,999 INFO: - App: Sending build context to Docker daemon 524.8 kBSending build context to Docker daemon 1.081 MBSending build context to Docker daemon  1.19 MBSending build context to Docker daemon  1.19 MB

2015-11-03 21:51:55,018 INFO: - App: Step 0 : FROM gcr.io/generic-notebooks/binder-base

2015-11-03 21:51:55,031 INFO: - App:  ---> 77377240dc83

2015-11-03 21:51:55,063 INFO: - App: Step 1 : ADD repo/requirements.txt requirements.txt

2015-11-03 21:51:55,179 INFO: - App:  ---> e1aa301e0769

2015-11-03 21:51:55,187 INFO: - App: Removing intermediate container 066bbce9069c

2015-11-03 21:51:55,189 INFO: - App: Step 2 : ADD handle-requirements.py handle-requirements.py

2015-11-03 21:51:55,363 INFO: - App:  ---> 59d39983adc2

2015-11-03 21:51:55,371 INFO: - App: Removing intermediate container 6908f048102a

2015-11-03 21:51:55,373 INFO: - App: Step 3 : RUN python handle-requirements.py

2015-11-03 21:51:55,459 INFO: - App:  ---> Running in 5569d51abfac

2015-11-03 21:51:55,607 INFO: - App: Executing: ['pip', 'install', '-r', 'requirements.txt']

2015-11-03 21:51:56,962 INFO: - App: You are using pip version 7.0.3, however version 7.1.2 is available.

2015-11-03 21:51:56,965 INFO: - App: You should consider upgrading via the 'pip install --upgrade pip' command.

2015-11-03 21:51:56,971 INFO: - App: Collecting git+https://github.com/damianavila/RISE.git (from -r requirements.txt (line 1))

2015-11-03 21:51:56,973 INFO: - App:   Cloning https://github.com/damianavila/RISE.git to /tmp/pip-hf33qd-build

2015-11-03 21:51:57,665 INFO: - App:     Complete output from command python setup.py egg_info:

2015-11-03 21:51:57,667 INFO: - App:     Traceback (most recent call last):

2015-11-03 21:51:57,670 INFO: - App:       File "<string>", line 20, in <module>

2015-11-03 21:51:57,671 INFO: - App:       File "/tmp/pip-hf33qd-build/setup.py", line 2, in <module>

2015-11-03 21:51:57,673 INFO: - App:         from notebook.nbextensions import install_nbextension

2015-11-03 21:51:57,675 INFO: - App:     ImportError: No module named notebook.nbextensions

2015-11-03 21:51:57,679 INFO: - App:     

2015-11-03 21:51:57,681 INFO: - App:     ----------------------------------------

2015-11-03 21:51:57,683 INFO: - App: Command "python setup.py egg_info" failed with error code 1 in /tmp/pip-hf33qd-build

2015-11-03 21:51:57,687 INFO: - App: installation command failed: Command '['pip', 'install', '-r', 'requirements.txt']' returned non-zero exit status 1

2015-11-03 21:51:57,689 INFO: - App: Executing: ['/home/main/anaconda/envs/python3/bin/pip', 'install', '-r', 'requirements.txt']

2015-11-03 21:51:58,004 INFO: - App: You are using pip version 7.0.3, however version 7.1.2 is available.

2015-11-03 21:51:58,006 INFO: - App: You should consider upgrading via the 'pip install --upgrade pip' command.

2015-11-03 21:51:58,012 INFO: - App: Collecting git+https://github.com/damianavila/RISE.git (from -r requirements.txt (line 1))

2015-11-03 21:51:58,014 INFO: - App:   Cloning https://github.com/damianavila/RISE.git to /tmp/pip-jx0dlm-build

2015-11-03 21:51:58,731 INFO: - App:     Complete output from command python setup.py egg_info:

2015-11-03 21:51:58,733 INFO: - App:     Traceback (most recent call last):

2015-11-03 21:51:58,735 INFO: - App:       File "<string>", line 20, in <module>

2015-11-03 21:51:58,738 INFO: - App:       File "/tmp/pip-jx0dlm-build/setup.py", line 2, in <module>

2015-11-03 21:51:58,740 INFO: - App:         from notebook.nbextensions import install_nbextension

2015-11-03 21:51:58,741 INFO: - App:     ImportError: No module named 'notebook'

2015-11-03 21:51:58,743 INFO: - App:     

2015-11-03 21:51:58,745 INFO: - App:     ----------------------------------------

2015-11-03 21:51:58,747 INFO: - App: Command "python setup.py egg_info" failed with error code 1 in /tmp/pip-jx0dlm-build

2015-11-03 21:51:58,756 INFO: - App: installation command failed: Command '['/home/main/anaconda/envs/python3/bin/pip', 'install', '-r', 'requirements.txt']' returned non-zero exit status 1

2015-11-03 21:51:58,758 INFO: - App: Traceback (most recent call last):

2015-11-03 21:51:58,759 INFO: - App:   File "handle-requirements.py", line 19, in <module>

2015-11-03 21:51:58,768 INFO: - App: [91m    raise Exception("All installation commands failed")

2015-11-03 21:51:58,769 INFO: - App: Exception: All installation commands failed

2015-11-03 21:51:58,993 ERROR: - App: The command '/bin/sh -c python handle-requirements.py' returned a non-zero code: 1

2015-11-03 21:51:58,996 INFO: - App: 
2015-11-03 21:51:58,997 ERROR: - App: could not build app akhmerov-teaching_day_jupyter: Command '['docker', 'build', '-t', u'gcr.io/generic-notebooks/akhmerov-teaching_day_jupyter', '--no-cache', u'/home/andrew/binder/apps/akhmerov-teaching_day_jupyter/build/app']' returned non-zero exit status 1
2015-11-03 21:52:38,553 INFO: - App: Building service dependencies...
2015-11-03 21:52:38,557 INFO: - App: Copying files and filling templates...
2015-11-03 21:52:38,570 INFO: - App: Building app image without Dockerfile...
2015-11-03 21:52:38,609 INFO: - App: Sending build context to Docker daemon 524.8 kBSending build context to Docker daemon 1.081 MBSending build context to Docker daemon  1.19 MBSending build context to Docker daemon  1.19 MB

2015-11-03 21:52:38,611 INFO: - App: Step 0 : FROM gcr.io/generic-notebooks/binder-base

2015-11-03 21:52:38,615 INFO: - App:  ---> 77377240dc83

2015-11-03 21:52:38,617 INFO: - App: Step 1 : ADD repo/requirements.txt requirements.txt

2015-11-03 21:52:38,801 INFO: - App:  ---> c57a235b3631

2015-11-03 21:52:38,807 INFO: - App: Removing intermediate container 8f1f7bc0ea1f

2015-11-03 21:52:38,809 INFO: - App: Step 2 : ADD handle-requirements.py handle-requirements.py

2015-11-03 21:52:38,959 INFO: - App:  ---> 8c675322acdd

2015-11-03 21:52:38,967 INFO: - App: Removing intermediate container 537e982e059d

2015-11-03 21:52:38,973 INFO: - App: Step 3 : RUN python handle-requirements.py

2015-11-03 21:52:39,039 INFO: - App:  ---> Running in 7e040b34d46c

2015-11-03 21:52:39,183 INFO: - App: Executing: ['pip', 'install', '-r', 'requirements.txt']

2015-11-03 21:52:40,592 INFO: - App: You are using pip version 7.0.3, however version 7.1.2 is available.

2015-11-03 21:52:40,594 INFO: - App: You should consider upgrading via the 'pip install --upgrade pip' command.

2015-11-03 21:52:40,604 INFO: - App: Collecting git+https://github.com/damianavila/RISE.git (from -r requirements.txt (line 6))

2015-11-03 21:52:40,605 INFO: - App:   Cloning https://github.com/damianavila/RISE.git to /tmp/pip-PtvMlk-build

2015-11-03 21:52:41,288 INFO: - App:     Complete output from command python setup.py egg_info:

2015-11-03 21:52:41,291 INFO: - App:     Traceback (most recent call last):

2015-11-03 21:52:41,293 INFO: - App:       File "<string>", line 20, in <module>

2015-11-03 21:52:41,294 INFO: - App:       File "/tmp/pip-PtvMlk-build/setup.py", line 2, in <module>

2015-11-03 21:52:41,296 INFO: - App:         from notebook.nbextensions import install_nbextension

2015-11-03 21:52:41,298 INFO: - App:     ImportError: No module named notebook.nbextensions

2015-11-03 21:52:41,300 INFO: - App:     

2015-11-03 21:52:41,302 INFO: - App:     ----------------------------------------

2015-11-03 21:52:41,304 INFO: - App: Command "python setup.py egg_info" failed with error code 1 in /tmp/pip-PtvMlk-build

2015-11-03 21:52:41,309 INFO: - App: installation command failed: Command '['pip', 'install', '-r', 'requirements.txt']' returned non-zero exit status 1

2015-11-03 21:52:41,311 INFO: - App: Executing: ['/home/main/anaconda/envs/python3/bin/pip', 'install', '-r', 'requirements.txt']

2015-11-03 21:52:41,626 INFO: - App: You are using pip version 7.0.3, however version 7.1.2 is available.

2015-11-03 21:52:41,628 INFO: - App: You should consider upgrading via the 'pip install --upgrade pip' command.

2015-11-03 21:52:41,633 INFO: - App: Collecting git+https://github.com/damianavila/RISE.git (from -r requirements.txt (line 6))

2015-11-03 21:52:41,635 INFO: - App:   Cloning https://github.com/damianavila/RISE.git to /tmp/pip-dm9sw0-build

2015-11-03 21:52:42,355 INFO: - App:     Complete output from command python setup.py egg_info:

2015-11-03 21:52:42,357 INFO: - App:     Traceback (most recent call last):

2015-11-03 21:52:42,359 INFO: - App:       File "<string>", line 20, in <module>

2015-11-03 21:52:42,360 INFO: - App:       File "/tmp/pip-dm9sw0-build/setup.py", line 2, in <module>

2015-11-03 21:52:42,362 INFO: - App:         from notebook.nbextensions import install_nbextension

2015-11-03 21:52:42,366 INFO: - App:     ImportError: No module named 'notebook'

2015-11-03 21:52:42,368 INFO: - App:     

2015-11-03 21:52:42,370 INFO: - App:     ----------------------------------------

2015-11-03 21:52:42,372 INFO: - App: Command "python setup.py egg_info" failed with error code 1 in /tmp/pip-dm9sw0-build

2015-11-03 21:52:42,376 INFO: - App: installation command failed: Command '['/home/main/anaconda/envs/python3/bin/pip', 'install', '-r', 'requirements.txt']' returned non-zero exit status 1

2015-11-03 21:52:42,378 INFO: - App: Traceback (most recent call last):

2015-11-03 21:52:42,384 INFO: - App:   File "handle-requirements.py", line 19, in <module>

2015-11-03 21:52:42,386 INFO: - App: [91m    raise Exception("All installation commands failed")

2015-11-03 21:52:42,387 INFO: - App: Exception: All installation commands failed

2015-11-03 21:52:42,652 ERROR: - App: The command '/bin/sh -c python handle-requirements.py' returned a non-zero code: 1

2015-11-03 21:52:42,654 INFO: - App: 
2015-11-03 21:52:42,656 ERROR: - App: could not build app akhmerov-teaching_day_jupyter: Command '['docker', 'build', '-t', u'gcr.io/generic-notebooks/akhmerov-teaching_day_jupyter', '--no-cache', u'/home/andrew/binder/apps/akhmerov-teaching_day_jupyter/build/app']' returned non-zero exit status 1
2015-11-03 21:53:41,326 INFO: - App: Building service dependencies...
2015-11-03 21:53:41,329 INFO: - App: Copying files and filling templates...
2015-11-03 21:53:41,331 INFO: - App: Building the app image with Dockerfile...
2015-11-03 21:53:41,348 ERROR: - App: unable to process Dockerfile: unable to parse repository info: repository name component must match "[a-z0-9]+(?:[._-][a-z0-9]+)*"

2015-11-03 21:53:41,365 ERROR: - App: could not build app akhmerov-teaching_day_jupyter: Command '['docker', 'build', '-t', u'gcr.io/generic-notebooks/akhmerov-teaching_day_jupyter', '--no-cache', u'/home/andrew/binder/apps/akhmerov-teaching_day_jupyter/build/app/repo']' returned non-zero exit status 1
