2015-10-26 07:34:37,578 INFO: - App: Building service dependencies...
2015-10-26 07:34:37,593 INFO: - App: Copying files and filling templates...
2015-10-26 07:34:37,598 INFO: - App: Building app image without Dockerfile...
2015-10-26 07:34:37,636 INFO: - App: Sending build context to Docker daemon 270.8 kBSending build context to Docker daemon 270.8 kB

2015-10-26 07:34:37,655 INFO: - App: Step 0 : FROM gcr.io/generic-notebooks/binder-base

2015-10-26 07:34:37,659 INFO: - App:  ---> 77377240dc83

2015-10-26 07:34:37,668 INFO: - App: Step 1 : ADD repo $HOME/notebooks

2015-10-26 07:34:37,856 INFO: - App:  ---> 90bb56d89577

2015-10-26 07:34:37,891 INFO: - App: Removing intermediate container fba0b1c4b41a

2015-10-26 07:34:37,892 INFO: - App: Step 2 : USER root

2015-10-26 07:34:37,955 INFO: - App:  ---> Running in a5da3a42e743

2015-10-26 07:34:38,003 INFO: - App:  ---> 2ed0c497eb96

2015-10-26 07:34:38,012 INFO: - App: Removing intermediate container a5da3a42e743

2015-10-26 07:34:38,015 INFO: - App: Step 3 : RUN chown -R main:main $HOME/notebooks

2015-10-26 07:34:38,091 INFO: - App:  ---> Running in 266100c32ed6

2015-10-26 07:34:38,507 INFO: - App:  ---> 67196987ebab

2015-10-26 07:34:38,520 INFO: - App: Removing intermediate container 266100c32ed6

2015-10-26 07:34:38,523 INFO: - App: Step 4 : USER main

2015-10-26 07:34:38,607 INFO: - App:  ---> Running in 9c06dd1271bf

2015-10-26 07:34:38,655 INFO: - App:  ---> 349db6c8eadd

2015-10-26 07:34:38,663 INFO: - App: Removing intermediate container 9c06dd1271bf

2015-10-26 07:34:38,665 INFO: - App: Step 5 : RUN find $HOME/notebooks -name '*.ipynb' -exec ipython trust {} \;

2015-10-26 07:34:38,751 INFO: - App:  ---> Running in 6ac9474a9847

2015-10-26 07:34:39,237 INFO: - App:  ---> 1a8759487e97

2015-10-26 07:34:39,245 INFO: - App: Removing intermediate container 6ac9474a9847

2015-10-26 07:34:39,256 INFO: - App: Step 6 : WORKDIR $HOME/notebooks

2015-10-26 07:34:39,324 INFO: - App:  ---> Running in c0e708fc0108

2015-10-26 07:34:39,379 INFO: - App:  ---> 693117d210f8

2015-10-26 07:34:39,390 INFO: - App: Removing intermediate container c0e708fc0108

2015-10-26 07:34:39,391 INFO: - App: Successfully built 693117d210f8

2015-10-26 07:34:39,395 INFO: - App: Squashing and pushing gcr.io/generic-notebooks/eichstaedtptb-pydynamic to private registry...
2015-10-26 07:34:55,200 INFO: - App: Preloading app image onto all nodes...
2015-10-26 07:34:58,525 INFO: - App: Successfully built app eichstaedtptb-pydynamic
