2015-11-02 15:51:33,078 INFO: - App: Building service dependencies...
2015-11-02 15:51:33,081 INFO: - App: Copying files and filling templates...
2015-11-02 15:51:33,096 INFO: - App: Building app image without Dockerfile...
2015-11-02 15:51:33,124 INFO: - App: Sending build context to Docker daemon 162.8 kBSending build context to Docker daemon 162.8 kB

2015-11-02 15:51:33,178 INFO: - App: Step 0 : FROM gcr.io/generic-notebooks/binder-base

2015-11-02 15:51:33,181 INFO: - App:  ---> 77377240dc83

2015-11-02 15:51:33,194 INFO: - App: Step 1 : ADD repo $HOME/notebooks

2015-11-02 15:51:33,366 INFO: - App:  ---> b9418b002950

2015-11-02 15:51:33,377 INFO: - App: Removing intermediate container 3a93540d0511

2015-11-02 15:51:33,379 INFO: - App: Step 2 : USER root

2015-11-02 15:51:33,468 INFO: - App:  ---> Running in 0bcfcecce31b

2015-11-02 15:51:33,515 INFO: - App:  ---> fcb15d28da32

2015-11-02 15:51:33,524 INFO: - App: Removing intermediate container 0bcfcecce31b

2015-11-02 15:51:33,528 INFO: - App: Step 3 : RUN chown -R main:main $HOME/notebooks

2015-11-02 15:51:33,595 INFO: - App:  ---> Running in b46b90bdbbe3

2015-11-02 15:51:34,017 INFO: - App:  ---> b17c6390d6c3

2015-11-02 15:51:34,025 INFO: - App: Removing intermediate container b46b90bdbbe3

2015-11-02 15:51:34,029 INFO: - App: Step 4 : USER main

2015-11-02 15:51:34,120 INFO: - App:  ---> Running in a063251801a3

2015-11-02 15:51:34,168 INFO: - App:  ---> b0ea24628d9a

2015-11-02 15:51:34,178 INFO: - App: Removing intermediate container a063251801a3

2015-11-02 15:51:34,184 INFO: - App: Step 5 : RUN find $HOME/notebooks -name '*.ipynb' -exec ipython trust {} \;

2015-11-02 15:51:34,259 INFO: - App:  ---> Running in 64cfadda4015

2015-11-02 15:51:34,753 INFO: - App:  ---> 759f283d2ffe

2015-11-02 15:51:34,762 INFO: - App: Removing intermediate container 64cfadda4015

2015-11-02 15:51:34,770 INFO: - App: Step 6 : WORKDIR $HOME/notebooks

2015-11-02 15:51:34,839 INFO: - App:  ---> Running in 079c743e3de3

2015-11-02 15:51:34,887 INFO: - App:  ---> e5292b2e16ac

2015-11-02 15:51:34,895 INFO: - App: Removing intermediate container 079c743e3de3

2015-11-02 15:51:34,898 INFO: - App: Successfully built e5292b2e16ac

2015-11-02 15:51:34,918 INFO: - App: Squashing and pushing gcr.io/generic-notebooks/jblrse-titanic to private registry...
2015-11-02 15:51:40,518 INFO: - App: Preloading app image onto all nodes...
2015-11-02 15:51:45,932 INFO: - App: Successfully built app jblrse-titanic
