2015-10-26 01:56:07,956 INFO: - App: Building service dependencies...
2015-10-26 01:56:07,974 INFO: - App: Copying files and filling templates...
2015-10-26 01:56:07,998 INFO: - App: Building app image without Dockerfile...
2015-10-26 01:56:08,026 INFO: - App: Sending build context to Docker daemon 303.1 kBSending build context to Docker daemon 303.1 kB

2015-10-26 01:56:08,030 INFO: - App: Step 0 : FROM gcr.io/generic-notebooks/binder-base

2015-10-26 01:56:08,032 INFO: - App:  ---> 77377240dc83

2015-10-26 01:56:08,043 INFO: - App: Step 1 : ADD repo $HOME/notebooks

2015-10-26 01:56:08,226 INFO: - App:  ---> cfaa47190acc

2015-10-26 01:56:08,238 INFO: - App: Removing intermediate container 71d233d55936

2015-10-26 01:56:08,239 INFO: - App: Step 2 : USER root

2015-10-26 01:56:08,355 INFO: - App:  ---> Running in 631be5dfaf61

2015-10-26 01:56:08,415 INFO: - App:  ---> b704167c9e98

2015-10-26 01:56:08,452 INFO: - App: Removing intermediate container 631be5dfaf61

2015-10-26 01:56:08,460 INFO: - App: Step 3 : RUN chown -R main:main $HOME/notebooks

2015-10-26 01:56:08,500 INFO: - App:  ---> Running in 9558ed927dc1

2015-10-26 01:56:08,906 INFO: - App:  ---> 355283accc01

2015-10-26 01:56:08,920 INFO: - App: Removing intermediate container 9558ed927dc1

2015-10-26 01:56:08,924 INFO: - App: Step 4 : USER main

2015-10-26 01:56:08,992 INFO: - App:  ---> Running in e238b9e9884b

2015-10-26 01:56:09,052 INFO: - App:  ---> d02f0e70d3e0

2015-10-26 01:56:09,057 INFO: - App: Removing intermediate container e238b9e9884b

2015-10-26 01:56:09,058 INFO: - App: Step 5 : RUN find $HOME/notebooks -name '*.ipynb' -exec ipython trust {} \;

2015-10-26 01:56:09,154 INFO: - App:  ---> Running in 02e2e3f049af

2015-10-26 01:56:09,649 INFO: - App: Signing notebook: /home/main/notebooks/calc_number_of_WIMPs.ipynb

2015-10-26 01:56:09,875 INFO: - App: Signing notebook: /home/main/notebooks/plot_distributions.ipynb

2015-10-26 01:56:10,091 INFO: - App: Signing notebook: /home/main/notebooks/test_effect_of_quenching_factor.ipynb

2015-10-26 01:56:10,350 INFO: - App:  ---> 5cee47eabc3b

2015-10-26 01:56:10,359 INFO: - App: Removing intermediate container 02e2e3f049af

2015-10-26 01:56:10,364 INFO: - App: Step 6 : WORKDIR $HOME/notebooks

2015-10-26 01:56:10,432 INFO: - App:  ---> Running in e0c34da38565

2015-10-26 01:56:10,479 INFO: - App:  ---> 40b99d79b666

2015-10-26 01:56:10,488 INFO: - App: Removing intermediate container e0c34da38565

2015-10-26 01:56:10,490 INFO: - App: Successfully built 40b99d79b666

2015-10-26 01:56:10,500 INFO: - App: Squashing and pushing gcr.io/generic-notebooks/mattbellis-dark-matter-models to private registry...
2015-10-26 01:56:15,995 INFO: - App: Preloading app image onto all nodes...
2015-10-26 01:56:21,424 INFO: - App: Successfully built app mattbellis-dark-matter-models
