2015-11-04 15:35:03,894 INFO: - App: Building service dependencies...
2015-11-04 15:35:03,896 INFO: - App: Copying files and filling templates...
2015-11-04 15:35:03,905 INFO: - App: Building app image without Dockerfile...
2015-11-04 15:35:03,960 INFO: - App: Sending build context to Docker daemon 557.1 kBSending build context to Docker daemon   854 kBSending build context to Docker daemon   854 kB

2015-11-04 15:35:03,962 INFO: - App: Step 0 : FROM gcr.io/generic-notebooks/binder-base

2015-11-04 15:35:03,964 INFO: - App:  ---> 77377240dc83

2015-11-04 15:35:03,966 INFO: - App: Step 1 : ADD repo $HOME/notebooks

2015-11-04 15:35:04,118 INFO: - App:  ---> 6ad2f5af16b4

2015-11-04 15:35:04,124 INFO: - App: Removing intermediate container ea7df525a3b0

2015-11-04 15:35:04,126 INFO: - App: Step 2 : USER root

2015-11-04 15:35:04,239 INFO: - App:  ---> Running in bc9e53949fcf

2015-11-04 15:35:04,295 INFO: - App:  ---> 78b0b3f7f5a5

2015-11-04 15:35:04,303 INFO: - App: Removing intermediate container bc9e53949fcf

2015-11-04 15:35:04,305 INFO: - App: Step 3 : RUN chown -R main:main $HOME/notebooks

2015-11-04 15:35:04,388 INFO: - App:  ---> Running in 9bb9f2229b4e

2015-11-04 15:35:04,810 INFO: - App:  ---> 4a8d32996c36

2015-11-04 15:35:04,820 INFO: - App: Removing intermediate container 9bb9f2229b4e

2015-11-04 15:35:04,840 INFO: - App: Step 4 : USER main

2015-11-04 15:35:04,907 INFO: - App:  ---> Running in 458d942179be

2015-11-04 15:35:04,955 INFO: - App:  ---> b892f7fa3615

2015-11-04 15:35:04,962 INFO: - App: Removing intermediate container 458d942179be

2015-11-04 15:35:04,964 INFO: - App: Step 5 : RUN find $HOME/notebooks -name '*.ipynb' -exec ipython trust {} \;

2015-11-04 15:35:05,043 INFO: - App:  ---> Running in f99ea202e988

2015-11-04 15:35:05,464 INFO: - App: Signing notebook: /home/main/notebooks/Demo.ipynb

2015-11-04 15:35:05,753 INFO: - App:  ---> 0a38f243371e

2015-11-04 15:35:05,760 INFO: - App: Removing intermediate container f99ea202e988

2015-11-04 15:35:05,762 INFO: - App: Step 6 : WORKDIR $HOME/notebooks

2015-11-04 15:35:05,848 INFO: - App:  ---> Running in d8ecd8b979ad

2015-11-04 15:35:05,902 INFO: - App:  ---> f13ded3d062f

2015-11-04 15:35:05,910 INFO: - App: Removing intermediate container d8ecd8b979ad

2015-11-04 15:35:05,912 INFO: - App: Successfully built f13ded3d062f

2015-11-04 15:35:05,919 INFO: - App: Squashing and pushing gcr.io/generic-notebooks/olivierverdier-bsplinelab to private registry...
2015-11-04 15:35:15,170 INFO: - App: Preloading app image onto all nodes...
2015-11-04 15:35:20,142 INFO: - App: Successfully built app olivierverdier-bsplinelab
