2015-10-29 08:38:57,439 INFO: - App: Building service dependencies...
2015-10-29 08:38:57,443 INFO: - App: Copying files and filling templates...
2015-10-29 08:38:57,460 INFO: - App: Building app image without Dockerfile...
2015-10-29 08:38:57,532 INFO: - App: Sending build context to Docker daemon 557.1 kBSending build context to Docker daemon 1.114 MBSending build context to Docker daemon 1.671 MBSending build context to Docker daemon 2.228 MBSending build context to Docker daemon 2.785 MBSending build context to Docker daemon 3.342 MBSending build context to Docker daemon  3.36 MBSending build context to Docker daemon  3.36 MB

2015-10-29 08:38:57,535 INFO: - App: Step 0 : FROM gcr.io/generic-notebooks/binder-base

2015-10-29 08:38:57,538 INFO: - App:  ---> 77377240dc83

2015-10-29 08:38:57,543 INFO: - App: Step 1 : ADD repo/requirements.txt requirements.txt

2015-10-29 08:38:57,703 INFO: - App:  ---> ba527eae5ad0

2015-10-29 08:38:57,711 INFO: - App: Removing intermediate container 8f759a89317c

2015-10-29 08:38:57,714 INFO: - App: Step 2 : ADD handle-requirements.py handle-requirements.py

2015-10-29 08:38:57,872 INFO: - App:  ---> 15d0c52840a5

2015-10-29 08:38:57,880 INFO: - App: Removing intermediate container 2a0e3dd9631f

2015-10-29 08:38:57,882 INFO: - App: Step 3 : RUN python handle-requirements.py

2015-10-29 08:38:57,959 INFO: - App:  ---> Running in 04e27233fcd4

2015-10-29 08:38:58,108 INFO: - App: Executing: ['pip', 'install', '-r', 'requirements.txt']

2015-10-29 08:38:59,421 INFO: - App: You are using pip version 7.0.3, however version 7.1.2 is available.

2015-10-29 08:38:59,423 INFO: - App: You should consider upgrading via the 'pip install --upgrade pip' command.

2015-10-29 08:38:59,441 INFO: - App: Collecting xgboost (from -r requirements.txt (line 1))

2015-10-29 08:38:59,571 INFO: - App:   Downloading xgboost-0.4a23.tar.gz (757kB)

2015-10-29 08:39:00,046 INFO: - App: Requirement already satisfied (use --upgrade to upgrade): numpy in ./anaconda/lib/python2.7/site-packages (from xgboost->-r requirements.txt (line 1))

2015-10-29 08:39:00,070 INFO: - App: Requirement already satisfied (use --upgrade to upgrade): scipy in ./anaconda/lib/python2.7/site-packages (from xgboost->-r requirements.txt (line 1))

2015-10-29 08:39:00,078 INFO: - App: Installing collected packages: xgboost

2015-10-29 08:39:00,079 INFO: - App:   Running setup.py install for xgboost

2015-10-29 08:39:00,456 INFO: - App: Successfully installed xgboost-0.4a23

2015-10-29 08:39:00,476 INFO: - App: Executing: ['/home/main/anaconda/envs/python3/bin/pip', 'install', '-r', 'requirements.txt']

2015-10-29 08:39:00,774 INFO: - App: You are using pip version 7.0.3, however version 7.1.2 is available.

2015-10-29 08:39:00,777 INFO: - App: You should consider upgrading via the 'pip install --upgrade pip' command.

2015-10-29 08:39:00,792 INFO: - App: Collecting xgboost (from -r requirements.txt (line 1))

2015-10-29 08:39:00,838 INFO: - App:   Using cached xgboost-0.4a23.tar.gz

2015-10-29 08:39:01,185 INFO: - App:     Complete output from command python setup.py egg_info:

2015-10-29 08:39:01,187 INFO: - App:     Traceback (most recent call last):

2015-10-29 08:39:01,188 INFO: - App:       File "<string>", line 20, in <module>

2015-10-29 08:39:01,191 INFO: - App:       File "/tmp/pip-build-zmgvi4/xgboost/setup.py", line 25

2015-10-29 08:39:01,193 INFO: - App:         print 'Windows users please use github installation.'

2015-10-29 08:39:01,194 INFO: - App:                                                             ^

2015-10-29 08:39:01,199 INFO: - App:     SyntaxError: invalid syntax

2015-10-29 08:39:01,201 INFO: - App:     

2015-10-29 08:39:01,203 INFO: - App:     ----------------------------------------

2015-10-29 08:39:01,205 INFO: - App: Command "python setup.py egg_info" failed with error code 1 in /tmp/pip-build-zmgvi4/xgboost

2015-10-29 08:39:01,219 INFO: - App: installation command failed: Command '['/home/main/anaconda/envs/python3/bin/pip', 'install', '-r', 'requirements.txt']' returned non-zero exit status 1

2015-10-29 08:39:01,535 INFO: - App:  ---> ee086663ae81

2015-10-29 08:39:01,551 INFO: - App: Removing intermediate container 04e27233fcd4

2015-10-29 08:39:01,555 INFO: - App: Step 4 : ADD repo $HOME/notebooks

2015-10-29 08:39:01,751 INFO: - App:  ---> c5af096f0ef8

2015-10-29 08:39:01,763 INFO: - App: Removing intermediate container e65d19ddbacb

2015-10-29 08:39:01,766 INFO: - App: Step 5 : USER root

2015-10-29 08:39:01,847 INFO: - App:  ---> Running in 0375c8ff0762

2015-10-29 08:39:01,903 INFO: - App:  ---> bc3d1c551619

2015-10-29 08:39:01,911 INFO: - App: Removing intermediate container 0375c8ff0762

2015-10-29 08:39:01,920 INFO: - App: Step 6 : RUN chown -R main:main $HOME/notebooks

2015-10-29 08:39:02,016 INFO: - App:  ---> Running in 4baabc727a09

2015-10-29 08:39:02,415 INFO: - App:  ---> d9054df0b9a2

2015-10-29 08:39:02,427 INFO: - App: Removing intermediate container 4baabc727a09

2015-10-29 08:39:02,430 INFO: - App: Step 7 : USER main

2015-10-29 08:39:02,507 INFO: - App:  ---> Running in ec581082a532

2015-10-29 08:39:02,556 INFO: - App:  ---> a48c0f0f7ac1

2015-10-29 08:39:02,564 INFO: - App: Removing intermediate container ec581082a532

2015-10-29 08:39:02,566 INFO: - App: Step 8 : RUN find $HOME/notebooks -name '*.ipynb' -exec ipython trust {} \;

2015-10-29 08:39:02,647 INFO: - App:  ---> Running in da2bb3d2b50c

2015-10-29 08:39:03,166 INFO: - App: Signing notebook: /home/main/notebooks/XGB.ipynb

2015-10-29 08:39:03,426 INFO: - App: Signing notebook: /home/main/notebooks/RF.ipynb

2015-10-29 08:39:03,655 INFO: - App: Signing notebook: /home/main/notebooks/Ensemble-Final.ipynb

2015-10-29 08:39:03,888 INFO: - App: Signing notebook: /home/main/notebooks/Ensemble-Holdout.ipynb

2015-10-29 08:39:04,159 INFO: - App:  ---> ce3b5575aafd

2015-10-29 08:39:04,174 INFO: - App: Removing intermediate container da2bb3d2b50c

2015-10-29 08:39:04,176 INFO: - App: Step 9 : WORKDIR $HOME/notebooks

2015-10-29 08:39:04,255 INFO: - App:  ---> Running in 858c45903c57

2015-10-29 08:39:04,315 INFO: - App:  ---> 9d0dcf55bfac

2015-10-29 08:39:04,323 INFO: - App: Removing intermediate container 858c45903c57

2015-10-29 08:39:04,324 INFO: - App: Successfully built 9d0dcf55bfac

2015-10-29 08:39:04,332 INFO: - App: Squashing and pushing gcr.io/generic-notebooks/pronojitsaha-multi-class-happiness-classification to private registry...
2015-10-29 08:39:14,423 INFO: - App: Preloading app image onto all nodes...
2015-10-29 08:39:18,938 INFO: - App: Successfully built app pronojitsaha-multi-class-happiness-classification
