2015-10-24 23:55:56,793 INFO: - App: Building service dependencies...
2015-10-24 23:55:56,796 INFO: - App: Copying files and filling templates...
2015-10-24 23:55:56,807 INFO: - App: Building app image without Dockerfile...
2015-10-24 23:55:56,862 INFO: - App: Sending build context to Docker daemon 524.8 kBSending build context to Docker daemon 957.4 kBSending build context to Docker daemon 957.4 kB

2015-10-24 23:55:56,865 INFO: - App: Step 0 : FROM gcr.io/generic-notebooks/binder-base

2015-10-24 23:55:56,867 INFO: - App:  ---> 77377240dc83

2015-10-24 23:55:56,870 INFO: - App: Step 1 : ADD repo $HOME/notebooks

2015-10-24 23:55:57,042 INFO: - App:  ---> c5dd16cc1633

2015-10-24 23:55:57,057 INFO: - App: Removing intermediate container 88d929cc5acb

2015-10-24 23:55:57,059 INFO: - App: Step 2 : USER root

2015-10-24 23:55:57,136 INFO: - App:  ---> Running in a10e1a007c28

2015-10-24 23:55:57,192 INFO: - App:  ---> c691ee901171

2015-10-24 23:55:57,201 INFO: - App: Removing intermediate container a10e1a007c28

2015-10-24 23:55:57,204 INFO: - App: Step 3 : RUN chown -R main:main $HOME/notebooks

2015-10-24 23:55:57,280 INFO: - App:  ---> Running in 049a912fa65c

2015-10-24 23:55:57,666 INFO: - App:  ---> 4f572541b962

2015-10-24 23:55:57,677 INFO: - App: Removing intermediate container 049a912fa65c

2015-10-24 23:55:57,679 INFO: - App: Step 4 : USER main

2015-10-24 23:55:57,743 INFO: - App:  ---> Running in 5700e5315c2b

2015-10-24 23:55:57,799 INFO: - App:  ---> 65c9aa917d7a

2015-10-24 23:55:57,807 INFO: - App: Removing intermediate container 5700e5315c2b

2015-10-24 23:55:57,809 INFO: - App: Step 5 : RUN find $HOME/notebooks -name '*.ipynb' -exec ipython trust {} \;

2015-10-24 23:55:57,871 INFO: - App:  ---> Running in 9336a727ec00

2015-10-24 23:55:58,448 INFO: - App: Signing notebook: /home/main/notebooks/examples/Sigutils Example.ipynb

2015-10-24 23:55:58,741 INFO: - App:  ---> e15ed1dbd3d8

2015-10-24 23:55:58,746 INFO: - App: Removing intermediate container 9336a727ec00

2015-10-24 23:55:58,754 INFO: - App: Step 6 : WORKDIR $HOME/notebooks

2015-10-24 23:55:58,819 INFO: - App:  ---> Running in 2606620e5e68

2015-10-24 23:55:58,884 INFO: - App:  ---> fdc1938cf80f

2015-10-24 23:55:58,901 INFO: - App: Removing intermediate container 2606620e5e68

2015-10-24 23:55:58,908 INFO: - App: Successfully built fdc1938cf80f

2015-10-24 23:55:58,935 INFO: - App: Squashing and pushing gcr.io/generic-notebooks/ryanpdwyer-sigutils to private registry...
2015-10-24 23:56:04,697 INFO: - App: Preloading app image onto all nodes...
2015-10-24 23:56:07,920 INFO: - App: Successfully built app ryanpdwyer-sigutils
